........................................................................ [ 25%]
........................................................................ [ 51%]
........................................................................ [ 77%]
................................................................         [100%]
================================ tests coverage ================================
_______________ coverage: platform linux, python 3.13.5-final-0 ________________

Name                             Stmts   Miss  Cover   Missing
--------------------------------------------------------------
src/recoil_lab/__init__.py           1      0   100%
src/recoil_lab/__main__.py           2      2     0%   1-3
src/recoil_lab/adaptive_hud.py     167      7    96%   67, 107, 151, 154, 157, 163, 173
src/recoil_lab/calibration.py      132     10    92%   31, 51, 63, 84, 108, 110, 117, 136, 138, 141
src/recoil_lab/catalog.py           76      1    99%   175
src/recoil_lab/cli.py               83      5    94%   83-88, 97
src/recoil_lab/contracts.py        225     15    93%   102, 104, 106, 148, 181, 186, 209, 213, 215, 242, 246, 248, 250, 256, 282
src/recoil_lab/demo.py              48      0   100%
src/recoil_lab/hud.py               62      1    98%   66
src/recoil_lab/playback.py          71      1    99%   32
src/recoil_lab/report.py            12      0   100%
src/recoil_lab/screenshots.py      118     11    91%   34, 36, 38, 89, 99, 102, 108, 113, 135, 141-142
src/recoil_lab/state.py            125      2    98%   59, 101
src/recoil_lab/state_demo.py        38      0   100%
src/recoil_lab/temporal.py          62      2    97%   35-36
src/recoil_lab/ui.py               122     22    82%   47-49, 103, 116, 118, 122, 127-130, 134-143, 147
src/recoil_lab/video.py            124     15    88%   16-17, 33, 47, 51, 53, 74, 77, 91, 97, 119, 121, 131-132, 142
--------------------------------------------------------------
TOTAL                             1468     94    94%
Coverage JSON written to file evidence/coverage.json
280 passed in 17.53s
