........................................................................ [ 22%]
........................................................................ [ 45%]
........................................................................ [ 68%]
........................................................................ [ 90%]
.............................                                            [100%]
================================ tests coverage ================================
_______________ coverage: platform linux, python 3.13.5-final-0 ________________

Name                               Stmts   Miss  Cover   Missing
----------------------------------------------------------------
src/recoil_lab/__init__.py             1      0   100%
src/recoil_lab/__main__.py             2      2     0%   1-3
src/recoil_lab/adaptive_hud.py       167      7    96%   67, 107, 151, 154, 157, 163, 173
src/recoil_lab/app.py                 57     25    56%   42-66, 70
src/recoil_lab/calibration.py        152     10    93%   31, 51, 63, 84, 108, 110, 117, 169, 171, 174
src/recoil_lab/catalog.py             76      1    99%   175
src/recoil_lab/cli.py                 83      5    94%   83-88, 97
src/recoil_lab/contracts.py          225     15    93%   102, 104, 106, 148, 181, 186, 209, 213, 215, 242, 246, 248, 250, 256, 282
src/recoil_lab/demo.py                48      0   100%
src/recoil_lab/desktop.py            107     75    30%   34-40, 47-61, 64, 68, 72, 75-83, 86-88, 91-96, 99-107, 110-118, 121-134
src/recoil_lab/hud.py                 62      1    98%   66
src/recoil_lab/native_session.py     169     46    73%   57-61, 65-78, 86-112, 124-125, 142, 185, 193
src/recoil_lab/playback.py            71      1    99%   32
src/recoil_lab/product.py             37      1    97%   30
src/recoil_lab/report.py              12      0   100%
src/recoil_lab/screenshots.py        118     11    91%   34, 36, 38, 89, 99, 102, 108, 113, 135, 141-142
src/recoil_lab/state.py              125      2    98%   59, 101
src/recoil_lab/state_demo.py          38      0   100%
src/recoil_lab/temporal.py            62      2    97%   35-36
src/recoil_lab/ui.py                 138     22    84%   47-49, 120, 133, 135, 139, 145-148, 152-161, 165
src/recoil_lab/video.py              124     15    88%   16-17, 33, 47, 51, 53, 74, 77, 91, 97, 119, 121, 131-132, 142
src/recoil_lab/workspace.py          223     30    87%   28-29, 47, 95, 150-151, 154-155, 193-199, 222, 228, 239-250, 253, 265
----------------------------------------------------------------
TOTAL                               2097    271    87%
Coverage JSON written to file evidence/coverage.json
317 passed in 12.30s
